This file contains any messages produced by compilers while
running configure, to aid debugging if configure makes a mistake.

It was created by libjpeg configure 9.5.0, which was
generated by GNU Autoconf 2.71.  Invocation command line was

  $ ./configure --host=riscv64-linux-gnu --prefix=/home/joelphilip/Documents/VLSID26/VectorBlox-SDK/example/soc-c/jpeg-9e/riscv-install CC=riscv64-linux-gnu-gcc

## --------- ##
## Platform. ##
## --------- ##

hostname = joelphilip-LOQ
uname -m = x86_64
uname -r = 6.8.0-87-generic
uname -s = Linux
uname -v = #88~22.04.1-Ubuntu SMP PREEMPT_DYNAMIC Tue Oct 14 14:03:14 UTC 2

/usr/bin/uname -p = x86_64
/bin/uname -X     = unknown

/bin/arch              = x86_64
/usr/bin/arch -k       = unknown
/usr/convex/getsysinfo = unknown
/usr/bin/hostinfo      = unknown
/bin/machine           = unknown
/usr/bin/oslevel       = unknown
/bin/universe          = unknown

PATH: /tools/Xilinx/Vitis_HLS/2023.2/bin/
PATH: /tools/Xilinx/Model_Composer/2023.2/bin/
PATH: /tools/Xilinx/Vivado/2023.2/bin/
PATH: /tools/Xilinx/DocNav/
PATH: /usr/lib/ccache/
PATH: /home/joelphilip/ardupilot/Tools/autotest/
PATH: /opt/gcc-arm-none-eabi-10-2020-q4-major/bin/
PATH: /home/joelphilip/.local/bin/
PATH: /home/joelphilip/bin/
PATH: /tools/Xilinx/Vitis_HLS/2023.2/bin/
PATH: /tools/Xilinx/Model_Composer/2023.2/bin/
PATH: /tools/Xilinx/Vivado/2023.2/bin/
PATH: /tools/Xilinx/DocNav/
PATH: /usr/lib/ccache/
PATH: /home/joelphilip/ardupilot/Tools/autotest/
PATH: /opt/gcc-arm-none-eabi-10-2020-q4-major/bin/
PATH: /home/joelphilip/.local/bin/
PATH: /home/joelphilip/bin/
PATH: /usr/local/sbin/
PATH: /usr/local/bin/
PATH: /usr/sbin/
PATH: /usr/bin/
PATH: /sbin/
PATH: /bin/
PATH: /usr/games/
PATH: /usr/local/games/
PATH: /snap/bin/
PATH: /snap/bin/
PATH: /opt/xtensa-esp-elf/bin/
PATH: /opt/xtensa-esp-elf/bin/


## ----------- ##
## Core tests. ##
## ----------- ##

configure:2459: looking for aux files: ltmain.sh ar-lib compile missing install-sh config.guess config.sub
configure:2472:  trying ././
configure:2501:   ././ltmain.sh found
configure:2501:   ././ar-lib found
configure:2501:   ././compile found
configure:2501:   ././missing found
configure:2483:   ././install-sh found
configure:2501:   ././config.guess found
configure:2501:   ././config.sub found
configure:2631: checking build system type
configure:2646: result: x86_64-pc-linux-gnu
configure:2666: checking host system type
configure:2680: result: riscv64-unknown-linux-gnu
configure:2700: checking target system type
configure:2714: result: riscv64-unknown-linux-gnu
configure:2760: checking for a BSD-compatible install
configure:2833: result: /usr/bin/install -c
configure:2844: checking whether build environment is sane
configure:2899: result: yes
configure:2955: checking for riscv64-linux-gnu-strip
configure:2976: found /usr/bin/riscv64-linux-gnu-strip
configure:2987: result: riscv64-linux-gnu-strip
configure:3058: checking for a race-free mkdir -p
configure:3102: result: /usr/bin/mkdir -p
configure:3109: checking for gawk
configure:3130: found /usr/bin/gawk
configure:3141: result: gawk
configure:3152: checking whether make sets $(MAKE)
configure:3175: result: yes
configure:3205: checking whether make supports nested variables
configure:3223: result: yes
configure:3375: checking whether make supports nested variables
configure:3393: result: yes
configure:3409: checking whether to enable maintainer-specific portions of Makefiles
configure:3419: result: no
configure:3451: checking for riscv64-linux-gnu-gcc
configure:3483: result: riscv64-linux-gnu-gcc
configure:3881: checking for C compiler version
configure:3890: riscv64-linux-gnu-gcc --version >&5
riscv64-linux-gnu-gcc (Ubuntu 11.4.0-1ubuntu1~22.04) 11.4.0
Copyright (C) 2021 Free Software Foundation, Inc.
This is free software; see the source for copying conditions.  There is NO
warranty; not even for MERCHANTABILITY or FITNESS FOR A PARTICULAR PURPOSE.

configure:3901: $? = 0
configure:3890: riscv64-linux-gnu-gcc -v >&5
Using built-in specs.
COLLECT_GCC=/usr/bin/riscv64-linux-gnu-gcc
COLLECT_LTO_WRAPPER=/usr/lib/gcc-cross/riscv64-linux-gnu/11/lto-wrapper
Target: riscv64-linux-gnu
Configured with: ../src/configure -v --with-pkgversion='Ubuntu 11.4.0-1ubuntu1~22.04' --with-bugurl=file:///usr/share/doc/gcc-11/README.Bugs --enable-languages=c,ada,c++,go,d,fortran,objc,obj-c++,m2 --prefix=/usr --with-gcc-major-version-only --program-suffix=-11 --enable-shared --enable-linker-build-id --libexecdir=/usr/lib --without-included-gettext --enable-threads=posix --libdir=/usr/lib --enable-nls --with-sysroot=/ --enable-clocale=gnu --enable-libstdcxx-debug --enable-libstdcxx-time=yes --with-default-libstdcxx-abi=new --enable-gnu-unique-object --disable-libitm --disable-libquadmath --disable-libquadmath-support --enable-plugin --enable-default-pie --with-system-zlib --enable-libphobos-checking=release --without-target-system-zlib --enable-multiarch --disable-werror --disable-multilib --with-arch=rv64gc --with-abi=lp64d --enable-checking=release --build=x86_64-linux-gnu --host=x86_64-linux-gnu --target=riscv64-linux-gnu --program-prefix=riscv64-linux-gnu- --includedir=/usr/riscv64-linux-gnu/include --with-build-config=bootstrap-lto-lean --enable-link-serialization=2
Thread model: posix
Supported LTO compression algorithms: zlib zstd
gcc version 11.4.0 (Ubuntu 11.4.0-1ubuntu1~22.04) 
configure:3901: $? = 0
configure:3890: riscv64-linux-gnu-gcc -V >&5
riscv64-linux-gnu-gcc: error: unrecognized command-line option '-V'
riscv64-linux-gnu-gcc: fatal error: no input files
compilation terminated.
configure:3901: $? = 1
configure:3890: riscv64-linux-gnu-gcc -qversion >&5
riscv64-linux-gnu-gcc: error: unrecognized command-line option '-qversion'; did you mean '--version'?
riscv64-linux-gnu-gcc: fatal error: no input files
compilation terminated.
configure:3901: $? = 1
configure:3890: riscv64-linux-gnu-gcc -version >&5
riscv64-linux-gnu-gcc: error: unrecognized command-line option '-version'
riscv64-linux-gnu-gcc: fatal error: no input files
compilation terminated.
configure:3901: $? = 1
configure:3921: checking whether the C compiler works
configure:3943: riscv64-linux-gnu-gcc    conftest.c  >&5
configure:3947: $? = 0
configure:3997: result: yes
configure:4000: checking for C compiler default output file name
configure:4002: result: a.out
configure:4008: checking for suffix of executables
configure:4015: riscv64-linux-gnu-gcc -o conftest    conftest.c  >&5
configure:4019: $? = 0
configure:4042: result: 
configure:4064: checking whether we are cross compiling
configure:4072: riscv64-linux-gnu-gcc -o conftest    conftest.c  >&5
configure:4076: $? = 0
configure:4083: ./conftest
./configure: line 4085: ./conftest: cannot execute binary file: Exec format error
configure:4087: $? = 126
configure:4102: result: yes
configure:4107: checking for suffix of object files
configure:4130: riscv64-linux-gnu-gcc -c   conftest.c >&5
configure:4134: $? = 0
configure:4156: result: o
configure:4160: checking whether the compiler supports GNU C
configure:4180: riscv64-linux-gnu-gcc -c   conftest.c >&5
configure:4180: $? = 0
configure:4190: result: yes
configure:4201: checking whether riscv64-linux-gnu-gcc accepts -g
configure:4222: riscv64-linux-gnu-gcc -c -g  conftest.c >&5
configure:4222: $? = 0
configure:4266: result: yes
configure:4286: checking for riscv64-linux-gnu-gcc option to enable C11 features
configure:4301: riscv64-linux-gnu-gcc  -c -g -O2  conftest.c >&5
configure:4301: $? = 0
configure:4319: result: none needed
configure:4435: checking whether riscv64-linux-gnu-gcc understands -c and -o together
configure:4458: riscv64-linux-gnu-gcc -c conftest.c -o conftest2.o
configure:4461: $? = 0
configure:4458: riscv64-linux-gnu-gcc -c conftest.c -o conftest2.o
configure:4461: $? = 0
configure:4473: result: yes
configure:4493: checking whether make supports the include directive
configure:4508: make -f confmf.GNU && cat confinc.out
this is the am__doit target
configure:4511: $? = 0
configure:4530: result: yes (GNU style)
configure:4556: checking dependency style of riscv64-linux-gnu-gcc
configure:4668: result: gcc3
configure:4688: checking how to run the C preprocessor
configure:4714: riscv64-linux-gnu-gcc -E  conftest.c
configure:4714: $? = 0
configure:4729: riscv64-linux-gnu-gcc -E  conftest.c
conftest.c:11:10: fatal error: ac_nonexistent.h: No such file or directory
   11 | #include <ac_nonexistent.h>
      |          ^~~~~~~~~~~~~~~~~~
compilation terminated.
configure:4729: $? = 1
configure: failed program was:
| /* confdefs.h */
| #define PACKAGE_NAME "libjpeg"
| #define PACKAGE_TARNAME "libjpeg"
| #define PACKAGE_VERSION "9.5.0"
| #define PACKAGE_STRING "libjpeg 9.5.0"
| #define PACKAGE_BUGREPORT ""
| #define PACKAGE_URL ""
| #define PACKAGE "libjpeg"
| #define VERSION "9.5.0"
| /* end confdefs.h.  */
| #include <ac_nonexistent.h>
configure:4756: result: riscv64-linux-gnu-gcc -E
configure:4770: riscv64-linux-gnu-gcc -E  conftest.c
configure:4770: $? = 0
configure:4785: riscv64-linux-gnu-gcc -E  conftest.c
conftest.c:11:10: fatal error: ac_nonexistent.h: No such file or directory
   11 | #include <ac_nonexistent.h>
      |          ^~~~~~~~~~~~~~~~~~
compilation terminated.
configure:4785: $? = 1
configure: failed program was:
| /* confdefs.h */
| #define PACKAGE_NAME "libjpeg"
| #define PACKAGE_TARNAME "libjpeg"
| #define PACKAGE_VERSION "9.5.0"
| #define PACKAGE_STRING "libjpeg 9.5.0"
| #define PACKAGE_BUGREPORT ""
| #define PACKAGE_URL ""
| #define PACKAGE "libjpeg"
| #define VERSION "9.5.0"
| /* end confdefs.h.  */
| #include <ac_nonexistent.h>
configure:4816: checking whether make sets $(MAKE)
configure:4839: result: yes
configure:4848: checking whether ln -s works
configure:4852: result: yes
configure:4859: checking for grep that handles long lines and -e
configure:4923: result: /usr/bin/grep
configure:4928: checking for egrep
configure:4996: result: /usr/bin/grep -E
configure:5008: checking for riscv64-linux-gnu-ar
configure:5029: found /usr/bin/riscv64-linux-gnu-ar
configure:5040: result: riscv64-linux-gnu-ar
configure:5115: checking the archiver (riscv64-linux-gnu-ar) interface
configure:5132: riscv64-linux-gnu-gcc -c -g -O2  conftest.c >&5
configure:5132: $? = 0
configure:5135: riscv64-linux-gnu-ar cru libconftest.a conftest.o >&5
riscv64-linux-gnu-ar: `u' modifier ignored since `D' is the default (see `U')
configure:5138: $? = 0
configure:5166: result: ar
configure:5196: checking if LD -Wl,--version-script works
configure:5220: riscv64-linux-gnu-gcc -o conftest -g -O2   -Wl,--version-script=conftest.map conftest.c  >&5
configure:5220: $? = 0
configure:5230: result: yes
configure:5243: checking for function prototypes
configure:5264: riscv64-linux-gnu-gcc -c -g -O2  conftest.c >&5
configure:5264: $? = 0
configure:5273: result: yes
configure:5297: checking for stdio.h
configure:5297: riscv64-linux-gnu-gcc -c -g -O2  conftest.c >&5
configure:5297: $? = 0
configure:5297: result: yes
configure:5297: checking for stdlib.h
configure:5297: riscv64-linux-gnu-gcc -c -g -O2  conftest.c >&5
configure:5297: $? = 0
configure:5297: result: yes
configure:5297: checking for string.h
configure:5297: riscv64-linux-gnu-gcc -c -g -O2  conftest.c >&5
configure:5297: $? = 0
configure:5297: result: yes
configure:5297: checking for inttypes.h
configure:5297: riscv64-linux-gnu-gcc -c -g -O2  conftest.c >&5
configure:5297: $? = 0
configure:5297: result: yes
configure:5297: checking for stdint.h
configure:5297: riscv64-linux-gnu-gcc -c -g -O2  conftest.c >&5
configure:5297: $? = 0
configure:5297: result: yes
configure:5297: checking for strings.h
configure:5297: riscv64-linux-gnu-gcc -c -g -O2  conftest.c >&5
configure:5297: $? = 0
configure:5297: result: yes
configure:5297: checking for sys/stat.h
configure:5297: riscv64-linux-gnu-gcc -c -g -O2  conftest.c >&5
configure:5297: $? = 0
configure:5297: result: yes
configure:5297: checking for sys/types.h
configure:5297: riscv64-linux-gnu-gcc -c -g -O2  conftest.c >&5
configure:5297: $? = 0
configure:5297: result: yes
configure:5297: checking for unistd.h
configure:5297: riscv64-linux-gnu-gcc -c -g -O2  conftest.c >&5
configure:5297: $? = 0
configure:5297: result: yes
configure:5322: checking for stddef.h
configure:5322: riscv64-linux-gnu-gcc -c -g -O2  conftest.c >&5
configure:5322: $? = 0
configure:5322: result: yes
configure:5328: checking for stdlib.h
configure:5328: result: yes
configure:5334: checking for locale.h
configure:5334: riscv64-linux-gnu-gcc -c -g -O2  conftest.c >&5
configure:5334: $? = 0
configure:5334: result: yes
configure:5341: checking for string.h
configure:5341: result: yes
configure:5354: checking for size_t
configure:5381: riscv64-linux-gnu-gcc -c -g -O2  conftest.c >&5
configure:5381: $? = 0
configure:5388: result: yes
configure:5426: checking for type unsigned char
configure:5439: riscv64-linux-gnu-gcc -c -g -O2  conftest.c >&5
configure:5439: $? = 0
configure:5441: result: yes
configure:5452: checking for type unsigned short
configure:5465: riscv64-linux-gnu-gcc -c -g -O2  conftest.c >&5
configure:5465: $? = 0
configure:5467: result: yes
configure:5478: checking for type void
configure:5512: riscv64-linux-gnu-gcc -c -g -O2  conftest.c >&5
configure:5512: $? = 0
configure:5514: result: yes
configure:5524: checking for an ANSI C-conforming const
configure:5591: riscv64-linux-gnu-gcc -c -g -O2  conftest.c >&5
configure:5591: $? = 0
configure:5599: result: yes
configure:5609: checking for inline
configure:5624: riscv64-linux-gnu-gcc -c -g -O2  conftest.c >&5
configure:5624: $? = 0
configure:5665: result: __inline__
configure:5672: checking for broken incomplete types
configure:5687: riscv64-linux-gnu-gcc -c -g -O2  conftest.c >&5
configure:5687: $? = 0
configure:5689: result: ok
configure:5701: checking for short external names
configure:5717: riscv64-linux-gnu-gcc -o conftest -g -O2   conftest.c  >&5
configure:5717: $? = 0
configure:5719: result: ok
configure:5732: checking to see if char is signed
configure:5736: WARNING: Assuming that char is signed on target machine.
    If it is unsigned, this will be a little bit inefficient.
configure:5786: checking to see if right shift is signed
configure:5790: result: Assuming that right shift is signed on target machine.
configure:5843: checking to see if fopen accepts b spec
configure:5847: result: Assuming that it does.
configure:5927: checking how to print strings
configure:5954: result: printf
configure:5975: checking for a sed that does not truncate output
configure:6045: result: /usr/bin/sed
configure:6063: checking for fgrep
configure:6131: result: /usr/bin/grep -F
configure:6167: checking for ld used by riscv64-linux-gnu-gcc
configure:6235: result: /usr/riscv64-linux-gnu/bin/ld
configure:6242: checking if the linker (/usr/riscv64-linux-gnu/bin/ld) is GNU ld
configure:6258: result: yes
configure:6270: checking for BSD- or MS-compatible name lister (nm)
configure:6325: result: /usr/bin/riscv64-linux-gnu-nm -B
configure:6465: checking the name lister (/usr/bin/riscv64-linux-gnu-nm -B) interface
configure:6473: riscv64-linux-gnu-gcc -c -g -O2  conftest.c >&5
configure:6476: /usr/bin/riscv64-linux-gnu-nm -B "conftest.o"
configure:6479: output
0000000000000000 B some_variable
configure:6486: result: BSD nm
configure:6490: checking the maximum length of command line arguments
configure:6622: result: 1572864
configure:6670: checking how to convert x86_64-pc-linux-gnu file names to riscv64-unknown-linux-gnu format
configure:6711: result: func_convert_file_noop
configure:6718: checking how to convert x86_64-pc-linux-gnu file names to toolchain format
configure:6739: result: func_convert_file_noop
configure:6746: checking for /usr/riscv64-linux-gnu/bin/ld option to reload object files
configure:6754: result: -r
configure:6788: checking for riscv64-linux-gnu-objdump
configure:6809: found /usr/bin/riscv64-linux-gnu-objdump
configure:6820: result: riscv64-linux-gnu-objdump
configure:6894: checking how to recognize dependent libraries
configure:7095: result: pass_all
configure:7140: checking for riscv64-linux-gnu-dlltool
configure:7175: result: no
configure:7185: checking for dlltool
configure:7220: result: no
configure:7247: checking how to associate runtime and link libraries
configure:7275: result: printf %s\n
configure:7291: checking for riscv64-linux-gnu-ar
configure:7323: result: riscv64-linux-gnu-ar
configure:7409: checking for archiver @FILE support
configure:7427: riscv64-linux-gnu-gcc -c -g -O2  conftest.c >&5
configure:7427: $? = 0
configure:7431: riscv64-linux-gnu-ar cru libconftest.a @conftest.lst >&5
riscv64-linux-gnu-ar: `u' modifier ignored since `D' is the default (see `U')
configure:7434: $? = 0
configure:7439: riscv64-linux-gnu-ar cru libconftest.a @conftest.lst >&5
riscv64-linux-gnu-ar: `u' modifier ignored since `D' is the default (see `U')
riscv64-linux-gnu-ar: conftest.o: No such file or directory
configure:7442: $? = 1
configure:7454: result: @
configure:7472: checking for riscv64-linux-gnu-strip
configure:7504: result: riscv64-linux-gnu-strip
configure:7581: checking for riscv64-linux-gnu-ranlib
configure:7602: found /usr/bin/riscv64-linux-gnu-ranlib
configure:7613: result: riscv64-linux-gnu-ranlib
configure:7760: checking command to parse /usr/bin/riscv64-linux-gnu-nm -B output from riscv64-linux-gnu-gcc object
configure:7914: riscv64-linux-gnu-gcc -c -g -O2  conftest.c >&5
configure:7917: $? = 0
configure:7921: /usr/bin/riscv64-linux-gnu-nm -B conftest.o \| sed -n -e 's/^.*[ ]\([ABCDGIRSTW][ABCDGIRSTW]*\)[ ][ ]*\([_A-Za-z][_A-Za-z0-9]*\)$/\1 \2 \2/p' | sed '/ __gnu_lto/d' \> conftest.nm
configure:7924: $? = 0
configure:7990: riscv64-linux-gnu-gcc -o conftest -g -O2   conftest.c conftstm.o >&5
configure:7993: $? = 0
configure:8031: result: ok
configure:8078: checking for sysroot
configure:8109: result: no
configure:8116: checking for a working dd
configure:8160: result: /usr/bin/dd
configure:8164: checking how to truncate binary pipes
configure:8180: result: /usr/bin/dd bs=4096 count=1
configure:8472: checking for riscv64-linux-gnu-mt
configure:8507: result: no
configure:8517: checking for mt
configure:8538: found /usr/bin/mt
configure:8549: result: mt
configure:8561: WARNING: using cross tools not prefixed with host triplet
configure:8572: checking if mt is a manifest tool
configure:8579: mt '-?'
configure:8587: result: no
configure:9313: checking for dlfcn.h
configure:9313: riscv64-linux-gnu-gcc -c -g -O2  conftest.c >&5
configure:9313: $? = 0
configure:9313: result: yes
configure:9900: checking for objdir
configure:9916: result: .libs
configure:10176: checking if riscv64-linux-gnu-gcc supports -fno-rtti -fno-exceptions
configure:10195: riscv64-linux-gnu-gcc -c -g -O2  -fno-rtti -fno-exceptions conftest.c >&5
cc1: warning: command-line option '-fno-rtti' is valid for C++/D/ObjC++ but not for C
configure:10199: $? = 0
configure:10212: result: no
configure:10570: checking for riscv64-linux-gnu-gcc option to produce PIC
configure:10578: result: -fPIC -DPIC
configure:10586: checking if riscv64-linux-gnu-gcc PIC flag -fPIC -DPIC works
configure:10605: riscv64-linux-gnu-gcc -c -g -O2  -fPIC -DPIC -DPIC conftest.c >&5
configure:10609: $? = 0
configure:10622: result: yes
configure:10651: checking if riscv64-linux-gnu-gcc static flag -static works
configure:10680: result: yes
configure:10695: checking if riscv64-linux-gnu-gcc supports -c -o file.o
configure:10717: riscv64-linux-gnu-gcc -c -g -O2  -o out/conftest2.o conftest.c >&5
configure:10721: $? = 0
configure:10743: result: yes
configure:10751: checking if riscv64-linux-gnu-gcc supports -c -o file.o
configure:10799: result: yes
configure:10832: checking whether the riscv64-linux-gnu-gcc linker (/usr/riscv64-linux-gnu/bin/ld) supports shared libraries
configure:12098: result: yes
configure:12135: checking whether -lc should be explicitly linked in
configure:12144: riscv64-linux-gnu-gcc -c -g -O2  conftest.c >&5
configure:12147: $? = 0
configure:12162: riscv64-linux-gnu-gcc -shared  -fPIC -DPIC conftest.o  -v -Wl,-soname -Wl,conftest -o conftest 2\>\&1 \| /usr/bin/grep  -lc  \>/dev/null 2\>\&1
configure:12165: $? = 0
configure:12179: result: no
configure:12339: checking dynamic linker characteristics
configure:12921: riscv64-linux-gnu-gcc -o conftest -g -O2   -Wl,-rpath -Wl,/foo conftest.c  >&5
configure:12921: $? = 0
configure:13160: result: GNU/Linux ld.so
configure:13282: checking how to hardcode library paths into programs
configure:13307: result: immediate
configure:13859: checking whether stripping libraries is possible
configure:13864: result: yes
configure:13899: checking if libtool supports shared libraries
configure:13901: result: yes
configure:13904: checking whether to build shared libraries
configure:13929: result: yes
configure:13932: checking whether to build static libraries
configure:13936: result: yes
configure:14056: checking libjpeg version number
configure:14066: result: 9.5.0
configure:14172: checking that generated files are newer than configure
configure:14178: result: done
configure:14209: creating ./config.status

## ---------------------- ##
## Running config.status. ##
## ---------------------- ##

This file was extended by libjpeg config.status 9.5.0, which was
generated by GNU Autoconf 2.71.  Invocation command line was

  CONFIG_FILES    = 
  CONFIG_HEADERS  = 
  CONFIG_LINKS    = 
  CONFIG_COMMANDS = 
  $ ./config.status 

on joelphilip-LOQ

config.status:1103: creating Makefile
config.status:1103: creating libjpeg.pc
config.status:1103: creating jconfig.h
config.status:1332: executing depfiles commands
config.status:1409: cd .       && sed -e '/# am--include-marker/d' Makefile         | make -f - am--depfiles
config.status:1414: $? = 0
config.status:1332: executing libtool commands

## ---------------- ##
## Cache variables. ##
## ---------------- ##

ac_cv_build=x86_64-pc-linux-gnu
ac_cv_c_compiler_gnu=yes
ac_cv_c_const=yes
ac_cv_env_CC_set=set
ac_cv_env_CC_value=riscv64-linux-gnu-gcc
ac_cv_env_CFLAGS_set=
ac_cv_env_CFLAGS_value=
ac_cv_env_CPPFLAGS_set=
ac_cv_env_CPPFLAGS_value=
ac_cv_env_CPP_set=
ac_cv_env_CPP_value=
ac_cv_env_LDFLAGS_set=
ac_cv_env_LDFLAGS_value=
ac_cv_env_LIBS_set=
ac_cv_env_LIBS_value=
ac_cv_env_LT_SYS_LIBRARY_PATH_set=
ac_cv_env_LT_SYS_LIBRARY_PATH_value=
ac_cv_env_build_alias_set=
ac_cv_env_build_alias_value=
ac_cv_env_host_alias_set=set
ac_cv_env_host_alias_value=riscv64-linux-gnu
ac_cv_env_target_alias_set=
ac_cv_env_target_alias_value=
ac_cv_header_dlfcn_h=yes
ac_cv_header_inttypes_h=yes
ac_cv_header_locale_h=yes
ac_cv_header_stddef_h=yes
ac_cv_header_stdint_h=yes
ac_cv_header_stdio_h=yes
ac_cv_header_stdlib_h=yes
ac_cv_header_string_h=yes
ac_cv_header_strings_h=yes
ac_cv_header_sys_stat_h=yes
ac_cv_header_sys_types_h=yes
ac_cv_header_unistd_h=yes
ac_cv_host=riscv64-unknown-linux-gnu
ac_cv_objext=o
ac_cv_path_EGREP='/usr/bin/grep -E'
ac_cv_path_FGREP='/usr/bin/grep -F'
ac_cv_path_GREP=/usr/bin/grep
ac_cv_path_SED=/usr/bin/sed
ac_cv_path_install='/usr/bin/install -c'
ac_cv_path_lt_DD=/usr/bin/dd
ac_cv_path_mkdir=/usr/bin/mkdir
ac_cv_prog_AR=riscv64-linux-gnu-ar
ac_cv_prog_AWK=gawk
ac_cv_prog_CC=riscv64-linux-gnu-gcc
ac_cv_prog_CPP='riscv64-linux-gnu-gcc -E'
ac_cv_prog_OBJDUMP=riscv64-linux-gnu-objdump
ac_cv_prog_RANLIB=riscv64-linux-gnu-ranlib
ac_cv_prog_STRIP=riscv64-linux-gnu-strip
ac_cv_prog_ac_ct_MANIFEST_TOOL=mt
ac_cv_prog_cc_c11=
ac_cv_prog_cc_g=yes
ac_cv_prog_cc_stdc=
ac_cv_prog_make_make_set=yes
ac_cv_target=riscv64-unknown-linux-gnu
am_cv_CC_dependencies_compiler_type=gcc3
am_cv_ar_interface=ar
am_cv_make_support_nested_variables=yes
am_cv_prog_cc_c_o=yes
ijg_cv_have_prototypes=yes
ijg_cv_inline=__inline__
lt_cv_ar_at_file=@
lt_cv_archive_cmds_need_lc=no
lt_cv_deplibs_check_method=pass_all
lt_cv_file_magic_cmd='$MAGIC_CMD'
lt_cv_file_magic_test_file=
lt_cv_ld_reload_flag=-r
lt_cv_nm_interface='BSD nm'
lt_cv_objdir=.libs
lt_cv_path_LD=/usr/riscv64-linux-gnu/bin/ld
lt_cv_path_NM='/usr/bin/riscv64-linux-gnu-nm -B'
lt_cv_path_mainfest_tool=no
lt_cv_prog_compiler_c_o=yes
lt_cv_prog_compiler_pic='-fPIC -DPIC'
lt_cv_prog_compiler_pic_works=yes
lt_cv_prog_compiler_rtti_exceptions=no
lt_cv_prog_compiler_static_works=yes
lt_cv_prog_gnu_ld=yes
lt_cv_sharedlib_from_linklib_cmd='printf %s\n'
lt_cv_shlibpath_overrides_runpath=yes
lt_cv_sys_global_symbol_pipe='sed -n -e '\''s/^.*[	 ]\([ABCDGIRSTW][ABCDGIRSTW]*\)[	 ][	 ]*\([_A-Za-z][_A-Za-z0-9]*\)$/\1 \2 \2/p'\'' | sed '\''/ __gnu_lto/d'\'''
lt_cv_sys_global_symbol_to_c_name_address='sed -n -e '\''s/^: \(.*\) .*$/  {"\1", (void *) 0},/p'\'' -e '\''s/^[ABCDGIRSTW][ABCDGIRSTW]* .* \(.*\)$/  {"\1", (void *) \&\1},/p'\'''
lt_cv_sys_global_symbol_to_c_name_address_lib_prefix='sed -n -e '\''s/^: \(.*\) .*$/  {"\1", (void *) 0},/p'\'' -e '\''s/^[ABCDGIRSTW][ABCDGIRSTW]* .* \(lib.*\)$/  {"\1", (void *) \&\1},/p'\'' -e '\''s/^[ABCDGIRSTW][ABCDGIRSTW]* .* \(.*\)$/  {"lib\1", (void *) \&\1},/p'\'''
lt_cv_sys_global_symbol_to_cdecl='sed -n -e '\''s/^T .* \(.*\)$/extern int \1();/p'\'' -e '\''s/^[ABCDGIRSTW][ABCDGIRSTW]* .* \(.*\)$/extern char \1;/p'\'''
lt_cv_sys_global_symbol_to_import=
lt_cv_sys_max_cmd_len=1572864
lt_cv_to_host_file_cmd=func_convert_file_noop
lt_cv_to_tool_file_cmd=func_convert_file_noop
lt_cv_truncate_bin='/usr/bin/dd bs=4096 count=1'

## ----------------- ##
## Output variables. ##
## ----------------- ##

ACLOCAL='${SHELL} '\''/home/joelphilip/Documents/VLSID26/VectorBlox-SDK/example/soc-c/jpeg-9e/missing'\'' aclocal-1.16'
AMDEPBACKSLASH='\'
AMDEP_FALSE='#'
AMDEP_TRUE=''
AMTAR='$${TAR-tar}'
AM_BACKSLASH='\'
AM_DEFAULT_V='$(AM_DEFAULT_VERBOSITY)'
AM_DEFAULT_VERBOSITY='0'
AM_V='$(V)'
AR='riscv64-linux-gnu-ar'
AS='as'
AUTOCONF='${SHELL} '\''/home/joelphilip/Documents/VLSID26/VectorBlox-SDK/example/soc-c/jpeg-9e/missing'\'' autoconf'
AUTOHEADER='echo autoheader ignored'
AUTOMAKE='${SHELL} '\''/home/joelphilip/Documents/VLSID26/VectorBlox-SDK/example/soc-c/jpeg-9e/missing'\'' automake-1.16'
AWK='gawk'
CC='riscv64-linux-gnu-gcc'
CCDEPMODE='depmode=gcc3'
CFLAGS='-g -O2'
CPP='riscv64-linux-gnu-gcc -E'
CPPFLAGS=''
CSCOPE='cscope'
CTAGS='ctags'
CYGPATH_W='echo'
DEFS='-DHAVE_CONFIG_H'
DEPDIR='.deps'
DLLTOOL='false'
DSYMUTIL=''
DUMPBIN=''
ECHO_C=''
ECHO_N='-n'
ECHO_T=''
EGREP='/usr/bin/grep -E'
ETAGS='etags'
EXEEXT=''
FGREP='/usr/bin/grep -F'
GREP='/usr/bin/grep'
HAVE_LD_VERSION_SCRIPT_FALSE='#'
HAVE_LD_VERSION_SCRIPT_TRUE=''
INSTALL_DATA='${INSTALL} -m 644'
INSTALL_PROGRAM='${INSTALL}'
INSTALL_SCRIPT='${INSTALL}'
INSTALL_STRIP_PROGRAM='$(install_sh) -c -s'
JPEG_LIB_VERSION='14:0:5'
JPEG_LIB_VERSION_MAJOR='9'
JPEG_LIB_VERSION_MINOR='5'
LD='/usr/riscv64-linux-gnu/bin/ld'
LDFLAGS=''
LIBOBJS=''
LIBS=''
LIBTOOL='$(SHELL) $(top_builddir)/libtool'
LIPO=''
LN_S='ln -s'
LTLIBOBJS=''
LT_SYS_LIBRARY_PATH=''
MAINT='#'
MAINTAINER_MODE_FALSE=''
MAINTAINER_MODE_TRUE='#'
MAKEINFO='${SHELL} '\''/home/joelphilip/Documents/VLSID26/VectorBlox-SDK/example/soc-c/jpeg-9e/missing'\'' makeinfo'
MANIFEST_TOOL=':'
MEMORYMGR='jmemnobs'
MKDIR_P='/usr/bin/mkdir -p'
NM='/usr/bin/riscv64-linux-gnu-nm -B'
NMEDIT=''
OBJDUMP='riscv64-linux-gnu-objdump'
OBJEXT='o'
OTOOL64=''
OTOOL=''
PACKAGE='libjpeg'
PACKAGE_BUGREPORT=''
PACKAGE_NAME='libjpeg'
PACKAGE_STRING='libjpeg 9.5.0'
PACKAGE_TARNAME='libjpeg'
PACKAGE_URL=''
PACKAGE_VERSION='9.5.0'
PATH_SEPARATOR=':'
RANLIB='riscv64-linux-gnu-ranlib'
SED='/usr/bin/sed'
SET_MAKE=''
SHELL='/bin/bash'
STRIP='riscv64-linux-gnu-strip'
VERSION='9.5.0'
ac_ct_AR=''
ac_ct_CC=''
ac_ct_DUMPBIN=''
am__EXEEXT_FALSE=''
am__EXEEXT_TRUE='#'
am__fastdepCC_FALSE='#'
am__fastdepCC_TRUE=''
am__include='include'
am__isrc=''
am__leading_dot='.'
am__nodep='_no'
am__quote=''
am__tar='$${TAR-tar} chof - "$$tardir"'
am__untar='$${TAR-tar} xf -'
bindir='${exec_prefix}/bin'
build='x86_64-pc-linux-gnu'
build_alias=''
build_cpu='x86_64'
build_os='linux-gnu'
build_vendor='pc'
datadir='${datarootdir}'
datarootdir='${prefix}/share'
docdir='${datarootdir}/doc/${PACKAGE_TARNAME}'
dvidir='${docdir}'
exec_prefix='${prefix}'
host='riscv64-unknown-linux-gnu'
host_alias='riscv64-linux-gnu'
host_cpu='riscv64'
host_os='linux-gnu'
host_vendor='unknown'
htmldir='${docdir}'
includedir='${prefix}/include'
infodir='${datarootdir}/info'
install_sh='${SHELL} /home/joelphilip/Documents/VLSID26/VectorBlox-SDK/example/soc-c/jpeg-9e/install-sh'
libdir='${exec_prefix}/lib'
libexecdir='${exec_prefix}/libexec'
localedir='${datarootdir}/locale'
localstatedir='${prefix}/var'
mandir='${datarootdir}/man'
mkdir_p='$(MKDIR_P)'
oldincludedir='/usr/include'
pdfdir='${docdir}'
prefix='/home/joelphilip/Documents/VLSID26/VectorBlox-SDK/example/soc-c/jpeg-9e/riscv-install'
program_transform_name='s,x,x,'
psdir='${docdir}'
runstatedir='${localstatedir}/run'
sbindir='${exec_prefix}/sbin'
sharedstatedir='${prefix}/com'
sysconfdir='${prefix}/etc'
target='riscv64-unknown-linux-gnu'
target_alias=''
target_cpu='riscv64'
target_os='linux-gnu'
target_vendor='unknown'

## ----------- ##
## confdefs.h. ##
## ----------- ##

/* confdefs.h */
#define PACKAGE_NAME "libjpeg"
#define PACKAGE_TARNAME "libjpeg"
#define PACKAGE_VERSION "9.5.0"
#define PACKAGE_STRING "libjpeg 9.5.0"
#define PACKAGE_BUGREPORT ""
#define PACKAGE_URL ""
#define PACKAGE "libjpeg"
#define VERSION "9.5.0"
#define HAVE_PROTOTYPES 1
#define HAVE_STDIO_H 1
#define HAVE_STDLIB_H 1
#define HAVE_STRING_H 1
#define HAVE_INTTYPES_H 1
#define HAVE_STDINT_H 1
#define HAVE_STRINGS_H 1
#define HAVE_SYS_STAT_H 1
#define HAVE_SYS_TYPES_H 1
#define HAVE_UNISTD_H 1
#define STDC_HEADERS 1
#define HAVE_STDDEF_H 1
#define HAVE_STDLIB_H 1
#define HAVE_LOCALE_H 1
#define HAVE_UNSIGNED_CHAR 1
#define HAVE_UNSIGNED_SHORT 1
#define INLINE __inline__
#define HAVE_DLFCN_H 1
#define LT_OBJDIR ".libs/"

configure: exit 0
